c:\users\ovilt\source\repos\phone_lab2\phone_lab2\phone_lab2\x64\debug\vc143.pdb
c:\users\ovilt\source\repos\phone_lab2\phone_lab2\phone_lab2\x64\debug\vc143.idb
c:\users\ovilt\source\repos\phone_lab2\phone_lab2\phone_lab2\x64\debug\subscriber.obj
c:\users\ovilt\source\repos\phone_lab2\phone_lab2\phone_lab2\x64\debug\service.obj
c:\users\ovilt\source\repos\phone_lab2\phone_lab2\phone_lab2\x64\debug\phone_lab2.obj
c:\users\ovilt\source\repos\phone_lab2\phone_lab2\phone_lab2\x64\debug\package.obj
c:\users\ovilt\source\repos\phone_lab2\phone_lab2\phone_lab2\x64\debug\device.obj
c:\users\ovilt\source\repos\phone_lab2\phone_lab2\phone_lab2\x64\debug\administrator.obj
c:\users\ovilt\source\repos\phone_lab2\phone_lab2\phone_lab2\x64\debug\telephoneexchange.obj
c:\users\ovilt\source\repos\phone_lab2\phone_lab2\x64\debug\phone_lab2.exe
c:\users\ovilt\source\repos\phone_lab2\phone_lab2\x64\debug\phone_lab2.pdb
c:\users\ovilt\source\repos\phone_lab2\phone_lab2\phone_lab2\x64\debug\phone_lab2.ilk
c:\users\ovilt\source\repos\phone_lab2\phone_lab2\phone_lab2\x64\debug\phone_lab2.tlog\cl.command.1.tlog
c:\users\ovilt\source\repos\phone_lab2\phone_lab2\phone_lab2\x64\debug\phone_lab2.tlog\cl.items.tlog
c:\users\ovilt\source\repos\phone_lab2\phone_lab2\phone_lab2\x64\debug\phone_lab2.tlog\cl.read.1.tlog
c:\users\ovilt\source\repos\phone_lab2\phone_lab2\phone_lab2\x64\debug\phone_lab2.tlog\cl.write.1.tlog
c:\users\ovilt\source\repos\phone_lab2\phone_lab2\phone_lab2\x64\debug\phone_lab2.tlog\link.command.1.tlog
c:\users\ovilt\source\repos\phone_lab2\phone_lab2\phone_lab2\x64\debug\phone_lab2.tlog\link.read.1.tlog
c:\users\ovilt\source\repos\phone_lab2\phone_lab2\phone_lab2\x64\debug\phone_lab2.tlog\link.secondary.1.tlog
c:\users\ovilt\source\repos\phone_lab2\phone_lab2\phone_lab2\x64\debug\phone_lab2.tlog\link.write.1.tlog
